<?xml version="1.0" encoding="UTF-8"?>
<!-- Generated by org.testng.reporters.JUnitReportReporter -->
<testsuite hostname="LT-Nb-256" failures="0" tests="1" name="com.rs.qa.automation.tests.cartpage.SampleTest" time="7.936" errors="0" timestamp="12 Jan 2022 13:55:45 GMT" skipped="0">
  <testcase classname="com.rs.qa.automation.tests.cartpage.SampleTest" name="SampleOrderTest" time="7.936"/>
</testsuite> <!-- com.rs.qa.automation.tests.cartpage.SampleTest -->
